[global]
datadir = /home/hpc/pr94si/di73dez/multiscale-build-phase2/dune-multiscale/scaleup_n1331_T1
output_walltime = 1
skip_error = 1
vtk_output = 0
[grids]
macro_cells_per_dim = 55
micro_cells_per_macrocell_dim = 8
overlap = 1
dim = 3
[logging]
dir = logs
file = msfem.log
level = 22
[msfem]
coarse_solver = bicgstab.amg.ilu0
fem_comparison = 1
local_corrections_vtk_output = 0
local_solver = umfpack
local_solver_verbose = 0
oversampling_layers = 0
[private]
int = 11
power = 1331
[problem]
name = Synthetic
[threading]
max_count = 1
partition_factor = 1
